  Building Custom Rule C:/Users/tjsti/GitHub/AAAAEngine/AAAAGameEngine2/AAAAGameEngine2/lib/reactphysics3d/CMakeLists.txt
  CollisionBody.cpp
  RigidBody.cpp
  DynamicAABBTree.cpp
  CollisionDispatch.cpp
  VoronoiSimplex.cpp
  GJKAlgorithm.cpp
  SATAlgorithm.cpp
  SphereVsSphereAlgorithm.cpp
  CapsuleVsCapsuleAlgorithm.cpp
  SphereVsCapsuleAlgorithm.cpp
  SphereVsConvexPolyhedronAlgorithm.cpp
  CapsuleVsConvexPolyhedronAlgorithm.cpp
  ConvexPolyhedronVsConvexPolyhedronAlgorithm.cpp
  NarrowPhaseInput.cpp
  NarrowPhaseInfoBatch.cpp
  AABB.cpp
  ConvexShape.cpp
  ConvexPolyhedronShape.cpp
  ConcaveShape.cpp
  BoxShape.cpp
  Generating Code...
  Compiling...
  CapsuleShape.cpp
  CollisionShape.cpp
  ConvexMeshShape.cpp
  SphereShape.cpp
  TriangleShape.cpp
  ConcaveMeshShape.cpp
  HeightFieldShape.cpp
  RaycastInfo.cpp
  Collider.cpp
  TriangleVertexArray.cpp
  PolygonVertexArray.cpp
  TriangleMesh.cpp
  PolyhedronMesh.cpp
  HalfEdgeStructure.cpp
  ContactManifold.cpp
  BallAndSocketJoint.cpp
  ContactPoint.cpp
  FixedJoint.cpp
  HingeJoint.cpp
  Joint.cpp
  Generating Code...
  Compiling...
  SliderJoint.cpp
  PhysicsCommon.cpp
  ConstraintSolverSystem.cpp
  ContactSolverSystem.cpp
  DynamicsSystem.cpp
  CollisionDetectionSystem.cpp
  SolveBallAndSocketJointSystem.cpp
  SolveFixedJointSystem.cpp
  SolveHingeJointSystem.cpp
  SolveSliderJointSystem.cpp
  PhysicsWorld.cpp
  Island.cpp
  Material.cpp
  OverlappingPairs.cpp
  Entity.cpp
  EntityManager.cpp
  BroadPhaseSystem.cpp
  Components.cpp
  CollisionBodyComponents.cpp
  RigidBodyComponents.cpp
  Generating Code...
C:\Users\tjsti\GitHub\AAAAEngine\AAAAGameEngine2\AAAAGameEngine2\lib\reactphysics3d\include\reactphysics3d\containers\Deque.h(118,1): warning C4715: 'reactphysics3d::Deque<unsigned int>::getItem': not all control paths return a value
C:\Users\tjsti\GitHub\AAAAEngine\AAAAGameEngine2\AAAAGameEngine2\lib\reactphysics3d\include\reactphysics3d\containers\Deque.h(118,1): warning C4715: 'reactphysics3d::Deque<unsigned int>::getItem': not all control paths return a value
  Compiling...
  TransformComponents.cpp
  ColliderComponents.cpp
  JointComponents.cpp
  BallAndSocketJointComponents.cpp
  FixedJointComponents.cpp
  HingeJointComponents.cpp
  SliderJointComponents.cpp
  CollisionCallback.cpp
  OverlapCallback.cpp
  Matrix2x2.cpp
  Matrix3x3.cpp
  Quaternion.cpp
  Transform.cpp
  Vector2.cpp
  Vector3.cpp
  PoolAllocator.cpp
  SingleFrameAllocator.cpp
  HeapAllocator.cpp
  MemoryManager.cpp
  Profiler.cpp
  Generating Code...
  Compiling...
  DefaultLogger.cpp
  DebugRenderer.cpp
  Generating Code...
  reactphysics3d.vcxproj -> C:\Users\tjsti\GitHub\AAAAEngine\AAAAGameEngine2\AAAAGameEngine2\build\lib\reactphysics3d\Release\reactphysics3d.lib
