  Building Custom Rule C:/Users/tjsti/GitHub/AAAAEngine/AAAAGameEngine2/AAAAGameEngine2/lib/lua/CMakeLists.txt
  lapi.c
  lcode.c
  lctype.c
  ldebug.c
  ldo.c
  ldump.c
  lfunc.c
  lgc.c
  llex.c
  lmem.c
  lobject.c
  lopcodes.c
  lparser.c
  lstate.c
  lstring.c
  ltable.c
  ltm.c
  lundump.c
  lvm.c
  lzio.c
  Generating Code...
  Compiling...
  lauxlib.c
  lbaselib.c
  lcorolib.c
  ldblib.c
  liolib.c
  lmathlib.c
  loadlib.c
  loslib.c
  lstrlib.c
  ltablib.c
  lutf8lib.c
  linit.c
  Generating Code...
  lua_static.vcxproj -> C:\Users\tjsti\GitHub\AAAAEngine\AAAAGameEngine2\AAAAGameEngine2\build\lib\lua\Release\lua_static.lib
